<?xml version="1.0" encoding="UTF-8"?>
<!-- Generated by org.testng.reporters.JUnitXMLReporter -->
<testsuite hostname="DSCHD-PC-CB-079" name="AccessibilityNode" tests="3" failures="1" timestamp="24 Apr 2019 06:03:26 GMT" time="31.29" errors="0">
  <testcase name="mainActivity" time="1.904" classname="com.uiauto.MobileTestAppium.AccessbilityTest"/>
  <testcase name="verifyTextOnAccessibilityNodeProvider" time="9.577" classname="com.uiauto.MobileTestAppium.AccessbilityTest"/>
  <testcase name="verifyTextOnAccessibilityNodeQuery" time="0.106" classname="com.uiauto.MobileTestAppium.AccessbilityTest">
    <failure type="org.openqa.selenium.NoSuchElementException" message="An element could not be located on the page using the given search parameters.
For documentation on this error, please visit: https://www.seleniumhq.org/exceptions/no_such_element.html
Build info: version: &amp;apos;3.141.59&amp;apos;, revision: &amp;apos;e82be7d358&amp;apos;, time: &amp;apos;2018-11-14T08:17:03&amp;apos;
System info: host: &amp;apos;DSCHD-PC-CB-079&amp;apos;, ip: &amp;apos;192.168.6.57&amp;apos;, os.name: &amp;apos;Windows 7&amp;apos;, os.arch: &amp;apos;amd64&amp;apos;, os.version: &amp;apos;6.1&amp;apos;, java.version: &amp;apos;1.8.0_201&amp;apos;
Driver info: io.appium.java_client.android.AndroidDriver
Capabilities {app: D:\workspace\MobileTestAppi..., appActivity: io.appium.android.apis.ApiD..., appPackage: io.appium.android.apis, appWaitActivity: io.appium.android.apis.ApiD..., appWaitPackage: io.appium.android.apis, databaseEnabled: false, desired: {app: D:\workspace\MobileTestAppi..., deviceName: AJNexus4, platformName: android, platformVersion: 7.0}, deviceManufacturer: Google, deviceModel: Android SDK built for x86, deviceName: emulator-5554, deviceScreenSize: 768x1280, deviceUDID: emulator-5554, javascriptEnabled: true, locationContextEnabled: false, networkConnectionEnabled: true, platform: LINUX, platformName: Android, platformVersion: 7.0, takesScreenshot: true, warnings: {}, webStorageEnabled: false}
Session ID: b2a431b6-e501-49d5-9132-641411f07813
*** Element info: {Using=accessibility id, value=Accessibility}">
      <![CDATA[org.openqa.selenium.NoSuchElementException: An element could not be located on the page using the given search parameters.
For documentation on this error, please visit: https://www.seleniumhq.org/exceptions/no_such_element.html
Build info: version: '3.141.59', revision: 'e82be7d358', time: '2018-11-14T08:17:03'
System info: host: 'DSCHD-PC-CB-079', ip: '192.168.6.57', os.name: 'Windows 7', os.arch: 'amd64', os.version: '6.1', java.version: '1.8.0_201'
Driver info: io.appium.java_client.android.AndroidDriver
Capabilities {app: D:\workspace\MobileTestAppi..., appActivity: io.appium.android.apis.ApiD..., appPackage: io.appium.android.apis, appWaitActivity: io.appium.android.apis.ApiD..., appWaitPackage: io.appium.android.apis, databaseEnabled: false, desired: {app: D:\workspace\MobileTestAppi..., deviceName: AJNexus4, platformName: android, platformVersion: 7.0}, deviceManufacturer: Google, deviceModel: Android SDK built for x86, deviceName: emulator-5554, deviceScreenSize: 768x1280, deviceUDID: emulator-5554, javascriptEnabled: true, locationContextEnabled: false, networkConnectionEnabled: true, platform: LINUX, platformName: Android, platformVersion: 7.0, takesScreenshot: true, warnings: {}, webStorageEnabled: false}
Session ID: b2a431b6-e501-49d5-9132-641411f07813
*** Element info: {Using=accessibility id, value=Accessibility}
	at org.openqa.selenium.remote.http.W3CHttpResponseCodec.createException(W3CHttpResponseCodec.java:187)
	at org.openqa.selenium.remote.http.W3CHttpResponseCodec.decode(W3CHttpResponseCodec.java:122)
	at org.openqa.selenium.remote.http.W3CHttpResponseCodec.decode(W3CHttpResponseCodec.java:49)
	at org.openqa.selenium.remote.HttpCommandExecutor.execute(HttpCommandExecutor.java:158)
	at io.appium.java_client.remote.AppiumCommandExecutor.execute(AppiumCommandExecutor.java:231)
	at org.openqa.selenium.remote.RemoteWebDriver.execute(RemoteWebDriver.java:552)
	at io.appium.java_client.DefaultGenericMobileDriver.execute(DefaultGenericMobileDriver.java:42)
	at io.appium.java_client.AppiumDriver.execute(AppiumDriver.java:1)
	at io.appium.java_client.android.AndroidDriver.execute(AndroidDriver.java:1)
	at org.openqa.selenium.remote.RemoteWebDriver.findElement(RemoteWebDriver.java:323)
	at io.appium.java_client.DefaultGenericMobileDriver.findElement(DefaultGenericMobileDriver.java:62)
	at io.appium.java_client.AppiumDriver.findElement(AppiumDriver.java:1)
	at io.appium.java_client.android.AndroidDriver.findElement(AndroidDriver.java:1)
	at io.appium.java_client.FindsByAccessibilityId.findElementByAccessibilityId(FindsByAccessibilityId.java:37)
	at com.uiauto.MobileTestAppium.AccessbilityTest.verifyTextOnAccessibilityNodeQuery(AccessbilityTest.java:22)
	at java.util.concurrent.FutureTask.run(Unknown Source)
	at java.util.concurrent.ThreadPoolExecutor.runWorker(Unknown Source)
	at java.util.concurrent.ThreadPoolExecutor$Worker.run(Unknown Source)
	at java.lang.Thread.run(Unknown Source)
... Removed 20 stack frames]]>
    </failure>
  </testcase> <!-- verifyTextOnAccessibilityNodeQuery -->
</testsuite> <!-- AccessibilityNode -->
